[2020-02-24 17:54:02] request.INFO: Matched route "easyadmin". {"route":"easyadmin","route_parameters":{"_route":"easyadmin","_controller":"EasyCorp\\Bundle\\EasyAdminBundle\\Controller\\EasyAdminController::indexAction"},"request_uri":"http://www.invoice.tld/admin/?action=new&entity=User&menuIndex=0&page=1&referer=%252Fadmin%252F%253Fentity%253DUser%2526action%253Dlist%2526menuIndex%253D0%2526submenuIndex%253D-1%2526sortField%253Did%2526sortDirection%253DDESC%2526page%253D1&sortDirection=DESC&sortField=id&submenuIndex=-1","method":"GET"} []
[2020-02-24 17:54:02] security.DEBUG: Checking for guard authentication credentials. {"firewall_key":"main","authenticators":1} []
[2020-02-24 17:54:02] security.DEBUG: Checking support on guard authenticator. {"firewall_key":"main","authenticator":"App\\Security\\LoginAuthenticator"} []
[2020-02-24 17:54:02] security.DEBUG: Guard authenticator does not support the request. {"firewall_key":"main","authenticator":"App\\Security\\LoginAuthenticator"} []
[2020-02-24 17:54:02] security.DEBUG: Read existing security token from the session. {"key":"_security_main","token_class":"Symfony\\Component\\Security\\Guard\\Token\\PostAuthenticationGuardToken"} []
[2020-02-24 17:54:02] request.CRITICAL: Uncaught PHP Exception ReflectionException: "Property App\Entity\Enterprise::$customer does not exist" at D:\Users\ruben\Escritorio\Trabajos\DWES\2EV\invoice\vendor\doctrine\persistence\lib\Doctrine\Persistence\Mapping\RuntimeReflectionService.php line 75 {"exception":"[object] (ReflectionException(code: 0): Property App\\Entity\\Enterprise::$customer does not exist at D:\\Users\\ruben\\Escritorio\\Trabajos\\DWES\\2EV\\invoice\\vendor\\doctrine\\persistence\\lib\\Doctrine\\Persistence\\Mapping\\RuntimeReflectionService.php:75)"} []
[2020-02-24 17:54:09] request.INFO: Matched route "main". {"route":"main","route_parameters":{"_route":"main","_controller":"App\\Controller\\MainController::index"},"request_uri":"http://www.invoice.tld/","method":"GET"} []
[2020-02-24 17:54:09] security.DEBUG: Checking for guard authentication credentials. {"firewall_key":"main","authenticators":1} []
[2020-02-24 17:54:09] security.DEBUG: Checking support on guard authenticator. {"firewall_key":"main","authenticator":"App\\Security\\LoginAuthenticator"} []
[2020-02-24 17:54:09] security.DEBUG: Guard authenticator does not support the request. {"firewall_key":"main","authenticator":"App\\Security\\LoginAuthenticator"} []
[2020-02-24 17:54:09] request.CRITICAL: Uncaught PHP Exception ReflectionException: "Property App\Entity\Enterprise::$customer does not exist" at D:\Users\ruben\Escritorio\Trabajos\DWES\2EV\invoice\vendor\doctrine\persistence\lib\Doctrine\Persistence\Mapping\RuntimeReflectionService.php line 75 {"exception":"[object] (ReflectionException(code: 0): Property App\\Entity\\Enterprise::$customer does not exist at D:\\Users\\ruben\\Escritorio\\Trabajos\\DWES\\2EV\\invoice\\vendor\\doctrine\\persistence\\lib\\Doctrine\\Persistence\\Mapping\\RuntimeReflectionService.php:75)"} []
[2020-02-24 17:54:21] request.INFO: Matched route "main". {"route":"main","route_parameters":{"_route":"main","_controller":"App\\Controller\\MainController::index"},"request_uri":"http://www.invoice.tld/","method":"GET"} []
[2020-02-24 17:54:21] security.DEBUG: Checking for guard authentication credentials. {"firewall_key":"main","authenticators":1} []
[2020-02-24 17:54:21] security.DEBUG: Checking support on guard authenticator. {"firewall_key":"main","authenticator":"App\\Security\\LoginAuthenticator"} []
[2020-02-24 17:54:21] security.DEBUG: Guard authenticator does not support the request. {"firewall_key":"main","authenticator":"App\\Security\\LoginAuthenticator"} []
[2020-02-24 17:54:21] request.CRITICAL: Uncaught PHP Exception ReflectionException: "Property App\Entity\Enterprise::$customer does not exist" at D:\Users\ruben\Escritorio\Trabajos\DWES\2EV\invoice\vendor\doctrine\persistence\lib\Doctrine\Persistence\Mapping\RuntimeReflectionService.php line 75 {"exception":"[object] (ReflectionException(code: 0): Property App\\Entity\\Enterprise::$customer does not exist at D:\\Users\\ruben\\Escritorio\\Trabajos\\DWES\\2EV\\invoice\\vendor\\doctrine\\persistence\\lib\\Doctrine\\Persistence\\Mapping\\RuntimeReflectionService.php:75)"} []
[2020-02-24 17:54:22] request.INFO: Matched route "main". {"route":"main","route_parameters":{"_route":"main","_controller":"App\\Controller\\MainController::index"},"request_uri":"http://www.invoice.tld/","method":"GET"} []
[2020-02-24 17:54:22] security.DEBUG: Checking for guard authentication credentials. {"firewall_key":"main","authenticators":1} []
[2020-02-24 17:54:22] security.DEBUG: Checking support on guard authenticator. {"firewall_key":"main","authenticator":"App\\Security\\LoginAuthenticator"} []
[2020-02-24 17:54:22] security.DEBUG: Guard authenticator does not support the request. {"firewall_key":"main","authenticator":"App\\Security\\LoginAuthenticator"} []
[2020-02-24 17:54:22] request.CRITICAL: Uncaught PHP Exception ReflectionException: "Property App\Entity\Enterprise::$customer does not exist" at D:\Users\ruben\Escritorio\Trabajos\DWES\2EV\invoice\vendor\doctrine\persistence\lib\Doctrine\Persistence\Mapping\RuntimeReflectionService.php line 75 {"exception":"[object] (ReflectionException(code: 0): Property App\\Entity\\Enterprise::$customer does not exist at D:\\Users\\ruben\\Escritorio\\Trabajos\\DWES\\2EV\\invoice\\vendor\\doctrine\\persistence\\lib\\Doctrine\\Persistence\\Mapping\\RuntimeReflectionService.php:75)"} []
[2020-02-24 17:54:36] request.INFO: Matched route "main". {"route":"main","route_parameters":{"_route":"main","_controller":"App\\Controller\\MainController::index"},"request_uri":"http://www.invoice.tld/","method":"GET"} []
[2020-02-24 17:54:36] security.DEBUG: Checking for guard authentication credentials. {"firewall_key":"main","authenticators":1} []
[2020-02-24 17:54:36] security.DEBUG: Checking support on guard authenticator. {"firewall_key":"main","authenticator":"App\\Security\\LoginAuthenticator"} []
[2020-02-24 17:54:36] security.DEBUG: Guard authenticator does not support the request. {"firewall_key":"main","authenticator":"App\\Security\\LoginAuthenticator"} []
[2020-02-24 17:54:36] request.CRITICAL: Uncaught PHP Exception ReflectionException: "Property App\Entity\Enterprise::$customer does not exist" at D:\Users\ruben\Escritorio\Trabajos\DWES\2EV\invoice\vendor\doctrine\persistence\lib\Doctrine\Persistence\Mapping\RuntimeReflectionService.php line 75 {"exception":"[object] (ReflectionException(code: 0): Property App\\Entity\\Enterprise::$customer does not exist at D:\\Users\\ruben\\Escritorio\\Trabajos\\DWES\\2EV\\invoice\\vendor\\doctrine\\persistence\\lib\\Doctrine\\Persistence\\Mapping\\RuntimeReflectionService.php:75)"} []
[2020-02-24 17:54:37] request.INFO: Matched route "main". {"route":"main","route_parameters":{"_route":"main","_controller":"App\\Controller\\MainController::index"},"request_uri":"http://www.invoice.tld/","method":"GET"} []
[2020-02-24 17:54:37] security.DEBUG: Checking for guard authentication credentials. {"firewall_key":"main","authenticators":1} []
[2020-02-24 17:54:37] security.DEBUG: Checking support on guard authenticator. {"firewall_key":"main","authenticator":"App\\Security\\LoginAuthenticator"} []
[2020-02-24 17:54:37] security.DEBUG: Guard authenticator does not support the request. {"firewall_key":"main","authenticator":"App\\Security\\LoginAuthenticator"} []
[2020-02-24 17:54:37] request.CRITICAL: Uncaught PHP Exception ReflectionException: "Property App\Entity\Enterprise::$customer does not exist" at D:\Users\ruben\Escritorio\Trabajos\DWES\2EV\invoice\vendor\doctrine\persistence\lib\Doctrine\Persistence\Mapping\RuntimeReflectionService.php line 75 {"exception":"[object] (ReflectionException(code: 0): Property App\\Entity\\Enterprise::$customer does not exist at D:\\Users\\ruben\\Escritorio\\Trabajos\\DWES\\2EV\\invoice\\vendor\\doctrine\\persistence\\lib\\Doctrine\\Persistence\\Mapping\\RuntimeReflectionService.php:75)"} []
[2020-02-24 17:54:43] request.INFO: Matched route "main". {"route":"main","route_parameters":{"_route":"main","_controller":"App\\Controller\\MainController::index"},"request_uri":"http://www.invoice.tld/","method":"GET"} []
[2020-02-24 17:54:43] security.DEBUG: Checking for guard authentication credentials. {"firewall_key":"main","authenticators":1} []
[2020-02-24 17:54:43] security.DEBUG: Checking support on guard authenticator. {"firewall_key":"main","authenticator":"App\\Security\\LoginAuthenticator"} []
[2020-02-24 17:54:43] security.DEBUG: Guard authenticator does not support the request. {"firewall_key":"main","authenticator":"App\\Security\\LoginAuthenticator"} []
[2020-02-24 17:54:43] request.CRITICAL: Uncaught PHP Exception ReflectionException: "Property App\Entity\Enterprise::$customer does not exist" at D:\Users\ruben\Escritorio\Trabajos\DWES\2EV\invoice\vendor\doctrine\persistence\lib\Doctrine\Persistence\Mapping\RuntimeReflectionService.php line 75 {"exception":"[object] (ReflectionException(code: 0): Property App\\Entity\\Enterprise::$customer does not exist at D:\\Users\\ruben\\Escritorio\\Trabajos\\DWES\\2EV\\invoice\\vendor\\doctrine\\persistence\\lib\\Doctrine\\Persistence\\Mapping\\RuntimeReflectionService.php:75)"} []
[2020-02-24 17:55:15] request.INFO: Matched route "main". {"route":"main","route_parameters":{"_route":"main","_controller":"App\\Controller\\MainController::index"},"request_uri":"http://www.invoice.tld/","method":"GET"} []
[2020-02-24 17:55:15] security.DEBUG: Checking for guard authentication credentials. {"firewall_key":"main","authenticators":1} []
[2020-02-24 17:55:15] security.DEBUG: Checking support on guard authenticator. {"firewall_key":"main","authenticator":"App\\Security\\LoginAuthenticator"} []
[2020-02-24 17:55:15] security.DEBUG: Guard authenticator does not support the request. {"firewall_key":"main","authenticator":"App\\Security\\LoginAuthenticator"} []
[2020-02-24 17:55:15] request.CRITICAL: Uncaught PHP Exception ReflectionException: "Property App\Entity\Enterprise::$customer does not exist" at D:\Users\ruben\Escritorio\Trabajos\DWES\2EV\invoice\vendor\doctrine\persistence\lib\Doctrine\Persistence\Mapping\RuntimeReflectionService.php line 75 {"exception":"[object] (ReflectionException(code: 0): Property App\\Entity\\Enterprise::$customer does not exist at D:\\Users\\ruben\\Escritorio\\Trabajos\\DWES\\2EV\\invoice\\vendor\\doctrine\\persistence\\lib\\Doctrine\\Persistence\\Mapping\\RuntimeReflectionService.php:75)"} []
[2020-02-24 17:55:31] request.INFO: Matched route "main". {"route":"main","route_parameters":{"_route":"main","_controller":"App\\Controller\\MainController::index"},"request_uri":"http://www.invoice.tld/","method":"GET"} []
[2020-02-24 17:55:31] security.DEBUG: Checking for guard authentication credentials. {"firewall_key":"main","authenticators":1} []
[2020-02-24 17:55:31] security.DEBUG: Checking support on guard authenticator. {"firewall_key":"main","authenticator":"App\\Security\\LoginAuthenticator"} []
[2020-02-24 17:55:31] security.DEBUG: Guard authenticator does not support the request. {"firewall_key":"main","authenticator":"App\\Security\\LoginAuthenticator"} []
[2020-02-24 17:55:31] request.CRITICAL: Uncaught PHP Exception ReflectionException: "Property App\Entity\Enterprise::$customer does not exist" at D:\Users\ruben\Escritorio\Trabajos\DWES\2EV\invoice\vendor\doctrine\persistence\lib\Doctrine\Persistence\Mapping\RuntimeReflectionService.php line 75 {"exception":"[object] (ReflectionException(code: 0): Property App\\Entity\\Enterprise::$customer does not exist at D:\\Users\\ruben\\Escritorio\\Trabajos\\DWES\\2EV\\invoice\\vendor\\doctrine\\persistence\\lib\\Doctrine\\Persistence\\Mapping\\RuntimeReflectionService.php:75)"} []
[2020-03-01 02:09:34] request.INFO: Matched route "main". {"route":"main","route_parameters":{"_route":"main","_controller":"App\\Controller\\MainController::index"},"request_uri":"http://www.invoice.tld/","method":"GET"} []
[2020-03-01 02:09:34] security.DEBUG: Checking for guard authentication credentials. {"firewall_key":"main","authenticators":1} []
[2020-03-01 02:09:34] security.DEBUG: Checking support on guard authenticator. {"firewall_key":"main","authenticator":"App\\Security\\LoginAuthenticator"} []
[2020-03-01 02:09:34] security.DEBUG: Guard authenticator does not support the request. {"firewall_key":"main","authenticator":"App\\Security\\LoginAuthenticator"} []
[2020-03-01 02:09:34] request.CRITICAL: Uncaught PHP Exception ReflectionException: "Property App\Entity\Enterprise::$customer does not exist" at D:\Users\ruben\Escritorio\Trabajos\DWES\2EV\invoice\vendor\doctrine\persistence\lib\Doctrine\Persistence\Mapping\RuntimeReflectionService.php line 75 {"exception":"[object] (ReflectionException(code: 0): Property App\\Entity\\Enterprise::$customer does not exist at D:\\Users\\ruben\\Escritorio\\Trabajos\\DWES\\2EV\\invoice\\vendor\\doctrine\\persistence\\lib\\Doctrine\\Persistence\\Mapping\\RuntimeReflectionService.php:75)"} []
